<?xml version="1.0" encoding="UTF-8"?>
<testng-results ignored="3" total="4" passed="1" failed="0" skipped="0">
  <reporter-output>
  </reporter-output>
  <suite started-at="2022-12-06T14:21:34 IST" name="Default suite" finished-at="2022-12-06T14:22:06 IST" duration-ms="32018">
    <groups>
    </groups>
    <test started-at="2022-12-06T14:21:34 IST" name="Default test" finished-at="2022-12-06T14:22:06 IST" duration-ms="32018">
      <class name="com.NGpoiRunner.NG_POI_RUNNER">
        <test-method is-config="true" signature="Before()[pri:0, instance:com.NGpoiRunner.NG_POI_RUNNER@6fa51cd4]" started-at="2022-12-06T14:21:35 IST" name="Before" finished-at="2022-12-06T14:21:44 IST" duration-ms="9508" status="PASS">
          <reporter-output>
          </reporter-output>
        </test-method> <!-- Before -->
        <test-method signature="vrun()[pri:2, instance:com.NGpoiRunner.NG_POI_RUNNER@6fa51cd4]" started-at="2022-12-06T14:21:44 IST" name="vrun" finished-at="2022-12-06T14:22:06 IST" duration-ms="21996" status="PASS">
          <reporter-output>
          </reporter-output>
        </test-method> <!-- vrun -->
        <test-method is-config="true" signature="After()[pri:0, instance:com.NGpoiRunner.NG_POI_RUNNER@6fa51cd4]" started-at="2022-12-06T14:22:06 IST" name="After" finished-at="2022-12-06T14:22:06 IST" duration-ms="427" status="PASS">
          <reporter-output>
          </reporter-output>
        </test-method> <!-- After -->
      </class> <!-- com.NGpoiRunner.NG_POI_RUNNER -->
    </test> <!-- Default test -->
  </suite> <!-- Default suite -->
</testng-results>
