<?xml version="1.0" encoding="UTF-8"?>
<!-- Generated by org.testng.reporters.JUnitXMLReporter -->
<testsuite ignored="3" hostname="KOKACHI" failures="0" tests="1" name="Default test" time="32.018" errors="0" timestamp="2022-12-06T14:22:07 IST">
  <testcase classname="com.NGpoiRunner.NG_POI_RUNNER" name="vrun" time="21.996"/>
  <testcase classname="com.NGpoiRunner.NG_POI_RUNNER" name="illrun" time="0.0">
    <ignored/>
  </testcase> <!-- illrun -->
  <testcase classname="com.NGpoiRunner.NG_POI_RUNNER" name="inrun" time="0.0">
    <ignored/>
  </testcase> <!-- inrun -->
  <testcase classname="com.NGpoiRunner.NG_POI_RUNNER" name="nrun" time="0.0">
    <ignored/>
  </testcase> <!-- nrun -->
</testsuite> <!-- Default test -->
